2024-05-24 14:31:39,650 [Worker-7: Loading available Gradle versions] INFO  o.e.b.c.i.u.g.PublishedGradleVersions - Gradle version information cache is up-to-date. Trying to read.
2024-05-24 14:33:34,989 [Worker-55: Update Maven projects configuration] INFO  o.e.m.c.i.p.ProjectConfigurationManager - Update started
2024-05-24 14:33:38,418 [Worker-55: Update Maven projects configuration] INFO  o.e.m.c.i.l.LifecycleMappingFactory - Using org.eclipse.m2e.jdt.JarLifecycleMapping lifecycle mapping for MavenProject: crud:java:0.0.1-SNAPSHOT @ C:\Users\mathe\Documents\Estudos\JAVA\InicioJava\java\target\classes\META-INF\maven\crud\java\pom.xml.
2024-05-24 14:33:46,274 [Worker-55: Update Maven projects configuration] INFO  o.e.m.j.i.AbstractJavaProjectConfigurator - Adding source folder /crud_java/src/main/java
2024-05-24 14:33:46,278 [Worker-55: Update Maven projects configuration] INFO  o.e.m.j.i.AbstractJavaProjectConfigurator - Adding resource folder /crud_java/src/main/resources
2024-05-24 14:33:46,280 [Worker-55: Update Maven projects configuration] INFO  o.e.m.j.i.AbstractJavaProjectConfigurator - Adding resource folder /crud_java/src/main/resources
2024-05-24 14:33:46,282 [Worker-55: Update Maven projects configuration] INFO  o.e.m.j.i.AbstractJavaProjectConfigurator - Adding source folder /crud_java/src/test/java
2024-05-24 14:33:46,284 [Worker-55: Update Maven projects configuration] INFO  o.e.m.j.i.AbstractJavaProjectConfigurator - Adding resource folder /crud_java/src/test/resources
2024-05-24 14:33:46,675 [Worker-55: Update Maven projects configuration] INFO  o.e.m.c.i.p.ProjectConfigurationManager - Update completed for 1 poms: local refresh takes 0,00 sec, refresh facades takes 4,00 sec, update config takes 7,00 sec 
2024-05-24 14:33:46,679 [Worker-55: Update Maven projects configuration] INFO  o.e.m.c.i.p.ProjectConfigurationManager - Update started
2024-05-24 14:33:47,555 [Worker-55: Update Maven projects configuration] INFO  o.e.m.c.i.l.LifecycleMappingFactory - Using org.eclipse.m2e.jdt.JarLifecycleMapping lifecycle mapping for MavenProject: br.com.cod3r:execicios-sb:0.0.1-SNAPSHOT @ C:\Users\mathe\Documents\Estudos\JAVA\InicioJava\JavaPOO-main\execicios-sb\pom.xml.
2024-05-24 14:33:47,865 [Worker-55: Update Maven projects configuration] INFO  o.e.m.c.i.l.LifecycleMappingFactory - Using org.eclipse.m2e.jdt.JarLifecycleMapping lifecycle mapping for MavenProject: crud:java:0.0.1-SNAPSHOT @ C:\Users\mathe\Documents\Estudos\JAVA\InicioJava\java\target\classes\META-INF\maven\crud\java\pom.xml.
2024-05-24 14:33:48,760 [Worker-55: Update Maven projects configuration] INFO  o.e.m.j.i.AbstractJavaProjectConfigurator - Adding source folder /execicios-sb/src/main/java
2024-05-24 14:33:48,761 [Worker-55: Update Maven projects configuration] INFO  o.e.m.j.i.AbstractJavaProjectConfigurator - Adding resource folder /execicios-sb/src/main/resources
2024-05-24 14:33:48,768 [Worker-55: Update Maven projects configuration] INFO  o.e.m.j.i.AbstractJavaProjectConfigurator - Adding resource folder /execicios-sb/src/main/resources
2024-05-24 14:33:48,777 [Worker-55: Update Maven projects configuration] INFO  o.e.m.j.i.AbstractJavaProjectConfigurator - Adding source folder /execicios-sb/src/test/java
2024-05-24 14:33:48,778 [Worker-55: Update Maven projects configuration] INFO  o.e.m.j.i.AbstractJavaProjectConfigurator - Adding resource folder /execicios-sb/src/test/resources
2024-05-24 14:33:49,152 [Worker-55: Update Maven projects configuration] INFO  o.e.m.j.i.AbstractJavaProjectConfigurator - Adding source folder /crud_java/src/main/java
2024-05-24 14:33:49,153 [Worker-55: Update Maven projects configuration] INFO  o.e.m.j.i.AbstractJavaProjectConfigurator - Adding resource folder /crud_java/src/main/resources
2024-05-24 14:33:49,155 [Worker-55: Update Maven projects configuration] INFO  o.e.m.j.i.AbstractJavaProjectConfigurator - Adding resource folder /crud_java/src/main/resources
2024-05-24 14:33:49,155 [Worker-55: Update Maven projects configuration] INFO  o.e.m.j.i.AbstractJavaProjectConfigurator - Adding source folder /crud_java/src/test/java
2024-05-24 14:33:49,157 [Worker-55: Update Maven projects configuration] INFO  o.e.m.j.i.AbstractJavaProjectConfigurator - Adding resource folder /crud_java/src/test/resources
2024-05-24 14:33:49,273 [Worker-55: Update Maven projects configuration] INFO  o.e.m.c.i.p.ProjectConfigurationManager - Update completed for 2 poms: local refresh takes 0,00 sec, refresh facades takes 1,00 sec, update config takes 0,00 sec 
2024-05-24 14:33:50,192 [Worker-54: Building] INFO  o.e.m.c.i.l.LifecycleMappingFactory - Using org.eclipse.m2e.jdt.JarLifecycleMapping lifecycle mapping for MavenProject: com.algaworks:live-comece-assim-com-jpa:1.0-SNAPSHOT @ C:\Users\mathe\Documents\Estudos\JAVA\InicioJava\JavaPOO-main\JPAAlgaWorks\pom.xml.
2024-05-24 14:33:50,592 [Worker-54: Building] WARN  o.a.m.s.f.DefaultMavenResourcesFiltering - Using platform encoding (Cp1252 actually) to copy filtered resources, i.e. build is platform dependent!
2024-05-24 14:33:50,595 [Worker-54: Building] INFO  o.a.m.s.f.DefaultMavenResourcesFiltering - Copying 2 resources from src\main\resources to target\classes
2024-05-24 14:33:50,607 [Worker-54: Building] WARN  o.a.m.s.f.DefaultMavenResourcesFiltering - Using platform encoding (Cp1252 actually) to copy filtered resources, i.e. build is platform dependent!
2024-05-24 14:33:50,607 [Worker-54: Building] INFO  o.a.m.s.f.DefaultMavenResourcesFiltering - skip non existing resourceDirectory C:\Users\mathe\Documents\Estudos\JAVA\InicioJava\JavaPOO-main\JPAAlgaWorks\src\test\resources
2024-05-24 14:33:51,230 [Worker-39: Building] WARN  o.a.m.s.f.DefaultMavenResourcesFiltering - Using platform encoding (Cp1252 actually) to copy filtered resources, i.e. build is platform dependent!
2024-05-24 14:33:51,232 [Worker-39: Building] INFO  o.a.m.s.f.DefaultMavenResourcesFiltering - Copying 2 resources from src\main\resources to target\classes
2024-05-24 14:33:51,239 [Worker-39: Building] WARN  o.a.m.s.f.DefaultMavenResourcesFiltering - Using platform encoding (Cp1252 actually) to copy filtered resources, i.e. build is platform dependent!
2024-05-24 14:33:51,240 [Worker-39: Building] INFO  o.a.m.s.f.DefaultMavenResourcesFiltering - skip non existing resourceDirectory C:\Users\mathe\Documents\Estudos\JAVA\InicioJava\JavaPOO-main\JPAAlgaWorks\src\test\resources
2024-05-24 14:33:51,641 [Worker-42: Building] INFO  o.a.m.s.f.DefaultMavenResourcesFiltering - skip non existing resourceDirectory C:\Users\mathe\Documents\Estudos\JAVA\InicioJava\java\target\classes\META-INF\maven\crud\java\src\main\resources
2024-05-24 14:33:51,641 [Worker-42: Building] INFO  o.a.m.s.f.DefaultMavenResourcesFiltering - skip non existing resourceDirectory C:\Users\mathe\Documents\Estudos\JAVA\InicioJava\java\target\classes\META-INF\maven\crud\java\src\main\resources
2024-05-24 14:33:51,684 [Worker-42: Building] INFO  o.a.m.s.f.DefaultMavenResourcesFiltering - skip non existing resourceDirectory C:\Users\mathe\Documents\Estudos\JAVA\InicioJava\java\target\classes\META-INF\maven\crud\java\src\test\resources
2024-05-24 14:33:52,054 [Worker-52: Building] INFO  o.a.m.s.f.DefaultMavenResourcesFiltering - Copying 1 resource from src\main\resources to target\classes
2024-05-24 14:33:52,077 [Worker-52: Building] INFO  o.a.m.s.f.DefaultMavenResourcesFiltering - Copying 1 resource from src\main\resources to target\classes
2024-05-24 14:33:52,093 [Worker-52: Building] INFO  o.a.m.s.f.DefaultMavenResourcesFiltering - skip non existing resourceDirectory C:\Users\mathe\Documents\Estudos\JAVA\InicioJava\JavaPOO-main\execicios-sb\src\test\resources
2024-05-24 14:33:52,883 [Worker-41: Building] INFO  o.a.m.s.f.DefaultMavenResourcesFiltering - skip non existing resourceDirectory C:\Users\mathe\Documents\Estudos\JAVA\InicioJava\java\target\classes\META-INF\maven\crud\java\src\main\resources
2024-05-24 14:33:52,883 [Worker-41: Building] INFO  o.a.m.s.f.DefaultMavenResourcesFiltering - skip non existing resourceDirectory C:\Users\mathe\Documents\Estudos\JAVA\InicioJava\java\target\classes\META-INF\maven\crud\java\src\main\resources
2024-05-24 14:33:52,887 [Worker-41: Building] INFO  o.a.m.s.f.DefaultMavenResourcesFiltering - skip non existing resourceDirectory C:\Users\mathe\Documents\Estudos\JAVA\InicioJava\java\target\classes\META-INF\maven\crud\java\src\test\resources
2024-05-24 16:21:41,207 [Worker-68: Building] INFO  o.a.m.s.f.DefaultMavenResourcesFiltering - skip non existing resourceDirectory C:\Users\mathe\Documents\Estudos\JAVA\InicioJava\java\target\classes\META-INF\maven\crud\java\src\main\resources
2024-05-24 16:21:41,208 [Worker-68: Building] INFO  o.a.m.s.f.DefaultMavenResourcesFiltering - skip non existing resourceDirectory C:\Users\mathe\Documents\Estudos\JAVA\InicioJava\java\target\classes\META-INF\maven\crud\java\src\main\resources
2024-05-24 16:21:41,213 [Worker-68: Building] INFO  o.a.m.s.f.DefaultMavenResourcesFiltering - skip non existing resourceDirectory C:\Users\mathe\Documents\Estudos\JAVA\InicioJava\java\target\classes\META-INF\maven\crud\java\src\test\resources
2024-05-24 16:21:41,239 [Worker-68: Building] INFO  o.a.m.s.f.DefaultMavenResourcesFiltering - skip non existing resourceDirectory C:\Users\mathe\Documents\Estudos\JAVA\InicioJava\JavaPOO-main\execicios-sb\src\main\resources
2024-05-24 16:21:41,240 [Worker-68: Building] INFO  o.a.m.s.f.DefaultMavenResourcesFiltering - skip non existing resourceDirectory C:\Users\mathe\Documents\Estudos\JAVA\InicioJava\JavaPOO-main\execicios-sb\src\main\resources
2024-05-24 16:21:41,243 [Worker-68: Building] INFO  o.a.m.s.f.DefaultMavenResourcesFiltering - skip non existing resourceDirectory C:\Users\mathe\Documents\Estudos\JAVA\InicioJava\JavaPOO-main\execicios-sb\src\test\resources
2024-05-24 16:21:42,362 [Worker-66: Building] INFO  o.a.m.s.f.DefaultMavenResourcesFiltering - skip non existing resourceDirectory C:\Users\mathe\Documents\Estudos\JAVA\InicioJava\java\target\classes\META-INF\maven\crud\java\src\main\resources
2024-05-24 16:21:42,362 [Worker-66: Building] INFO  o.a.m.s.f.DefaultMavenResourcesFiltering - skip non existing resourceDirectory C:\Users\mathe\Documents\Estudos\JAVA\InicioJava\java\target\classes\META-INF\maven\crud\java\src\main\resources
2024-05-24 16:21:42,365 [Worker-66: Building] INFO  o.a.m.s.f.DefaultMavenResourcesFiltering - skip non existing resourceDirectory C:\Users\mathe\Documents\Estudos\JAVA\InicioJava\java\target\classes\META-INF\maven\crud\java\src\test\resources
2024-05-24 16:21:42,385 [Worker-66: Building] INFO  o.a.m.s.f.DefaultMavenResourcesFiltering - skip non existing resourceDirectory C:\Users\mathe\Documents\Estudos\JAVA\InicioJava\JavaPOO-main\execicios-sb\src\main\resources
2024-05-24 16:21:42,386 [Worker-66: Building] INFO  o.a.m.s.f.DefaultMavenResourcesFiltering - skip non existing resourceDirectory C:\Users\mathe\Documents\Estudos\JAVA\InicioJava\JavaPOO-main\execicios-sb\src\main\resources
2024-05-24 16:21:42,390 [Worker-66: Building] INFO  o.a.m.s.f.DefaultMavenResourcesFiltering - skip non existing resourceDirectory C:\Users\mathe\Documents\Estudos\JAVA\InicioJava\JavaPOO-main\execicios-sb\src\test\resources
2024-05-24 16:22:00,252 [Worker-67: Building] INFO  o.a.m.s.f.DefaultMavenResourcesFiltering - skip non existing resourceDirectory C:\Users\mathe\Documents\Estudos\JAVA\InicioJava\java\target\classes\META-INF\maven\crud\java\src\main\resources
2024-05-24 16:22:00,252 [Worker-67: Building] INFO  o.a.m.s.f.DefaultMavenResourcesFiltering - skip non existing resourceDirectory C:\Users\mathe\Documents\Estudos\JAVA\InicioJava\java\target\classes\META-INF\maven\crud\java\src\main\resources
2024-05-24 16:22:00,255 [Worker-67: Building] INFO  o.a.m.s.f.DefaultMavenResourcesFiltering - skip non existing resourceDirectory C:\Users\mathe\Documents\Estudos\JAVA\InicioJava\java\target\classes\META-INF\maven\crud\java\src\test\resources
2024-05-24 16:22:09,521 [Worker-64: Building] INFO  o.a.m.s.f.DefaultMavenResourcesFiltering - skip non existing resourceDirectory C:\Users\mathe\Documents\Estudos\JAVA\InicioJava\java\target\classes\META-INF\maven\crud\java\src\main\resources
2024-05-24 16:22:09,521 [Worker-64: Building] INFO  o.a.m.s.f.DefaultMavenResourcesFiltering - skip non existing resourceDirectory C:\Users\mathe\Documents\Estudos\JAVA\InicioJava\java\target\classes\META-INF\maven\crud\java\src\main\resources
2024-05-24 16:22:09,523 [Worker-64: Building] INFO  o.a.m.s.f.DefaultMavenResourcesFiltering - skip non existing resourceDirectory C:\Users\mathe\Documents\Estudos\JAVA\InicioJava\java\target\classes\META-INF\maven\crud\java\src\test\resources
2024-05-24 16:22:09,886 [Worker-67: Building] WARN  o.a.m.s.f.DefaultMavenResourcesFiltering - Using platform encoding (Cp1252 actually) to copy filtered resources, i.e. build is platform dependent!
2024-05-24 16:22:09,887 [Worker-67: Building] INFO  o.a.m.s.f.DefaultMavenResourcesFiltering - Copying 2 resources from src\main\resources to target\classes
2024-05-24 16:22:09,893 [Worker-67: Building] WARN  o.a.m.s.f.DefaultMavenResourcesFiltering - Using platform encoding (Cp1252 actually) to copy filtered resources, i.e. build is platform dependent!
2024-05-24 16:22:09,894 [Worker-67: Building] INFO  o.a.m.s.f.DefaultMavenResourcesFiltering - skip non existing resourceDirectory C:\Users\mathe\Documents\Estudos\JAVA\InicioJava\JavaPOO-main\JPAAlgaWorks\src\test\resources
2024-05-24 16:22:10,575 [Worker-70: Building] INFO  o.e.m.c.i.l.LifecycleMappingFactory - Using org.eclipse.m2e.jdt.JarLifecycleMapping lifecycle mapping for MavenProject: com.algaworks:live-comece-assim-com-jpa:1.0-SNAPSHOT @ C:\Users\mathe\Documents\Estudos\JAVA\InicioJava\JavaPOO-main\JPAAlgaWorks\pom.xml.
2024-05-24 16:22:10,749 [Worker-70: Building] WARN  o.a.m.s.f.DefaultMavenResourcesFiltering - Using platform encoding (Cp1252 actually) to copy filtered resources, i.e. build is platform dependent!
2024-05-24 16:22:10,751 [Worker-70: Building] INFO  o.a.m.s.f.DefaultMavenResourcesFiltering - Copying 0 resource from src\main\resources to target\classes
2024-05-24 16:22:10,754 [Worker-70: Building] WARN  o.a.m.s.f.DefaultMavenResourcesFiltering - Using platform encoding (Cp1252 actually) to copy filtered resources, i.e. build is platform dependent!
2024-05-24 16:22:10,755 [Worker-70: Building] INFO  o.a.m.s.f.DefaultMavenResourcesFiltering - skip non existing resourceDirectory C:\Users\mathe\Documents\Estudos\JAVA\InicioJava\JavaPOO-main\JPAAlgaWorks\src\test\resources
2024-05-24 16:22:11,032 [Worker-65: Building] WARN  o.a.m.s.f.DefaultMavenResourcesFiltering - Using platform encoding (Cp1252 actually) to copy filtered resources, i.e. build is platform dependent!
2024-05-24 16:22:11,033 [Worker-65: Building] INFO  o.a.m.s.f.DefaultMavenResourcesFiltering - Copying 0 resource from src\main\resources to target\classes
2024-05-24 16:22:11,035 [Worker-65: Building] WARN  o.a.m.s.f.DefaultMavenResourcesFiltering - Using platform encoding (Cp1252 actually) to copy filtered resources, i.e. build is platform dependent!
2024-05-24 16:22:11,036 [Worker-65: Building] INFO  o.a.m.s.f.DefaultMavenResourcesFiltering - skip non existing resourceDirectory C:\Users\mathe\Documents\Estudos\JAVA\InicioJava\JavaPOO-main\JPAAlgaWorks\src\test\resources
2024-05-24 16:22:24,814 [Worker-6: Loading available Gradle versions] INFO  o.e.b.c.i.u.g.PublishedGradleVersions - Gradle version information cache is up-to-date. Trying to read.
2024-05-24 16:22:28,063 [Worker-2: Building] INFO  o.e.m.c.i.l.LifecycleMappingFactory - Using org.eclipse.m2e.jdt.JarLifecycleMapping lifecycle mapping for MavenProject: com.algaworks:live-comece-assim-com-jpa:1.0-SNAPSHOT @ C:\Users\mathe\Documents\Estudos\JAVA\InicioJava\JavaPOO-main\JPAAlgaWorks\pom.xml.
2024-05-24 16:22:28,407 [Worker-2: Building] WARN  o.a.m.s.f.DefaultMavenResourcesFiltering - Using platform encoding (Cp1252 actually) to copy filtered resources, i.e. build is platform dependent!
2024-05-24 16:22:28,411 [Worker-2: Building] INFO  o.a.m.s.f.DefaultMavenResourcesFiltering - Copying 1 resource from src\main\resources to target\classes
2024-05-24 16:22:28,419 [Worker-2: Building] WARN  o.a.m.s.f.DefaultMavenResourcesFiltering - Using platform encoding (Cp1252 actually) to copy filtered resources, i.e. build is platform dependent!
2024-05-24 16:22:28,420 [Worker-2: Building] INFO  o.a.m.s.f.DefaultMavenResourcesFiltering - skip non existing resourceDirectory C:\Users\mathe\Documents\Estudos\JAVA\InicioJava\JavaPOO-main\JPAAlgaWorks\src\test\resources
2024-05-24 16:22:29,898 [Worker-7: Building] WARN  o.a.m.s.f.DefaultMavenResourcesFiltering - Using platform encoding (Cp1252 actually) to copy filtered resources, i.e. build is platform dependent!
2024-05-24 16:22:29,901 [Worker-7: Building] INFO  o.a.m.s.f.DefaultMavenResourcesFiltering - Copying 0 resource from src\main\resources to target\classes
2024-05-24 16:22:29,905 [Worker-7: Building] WARN  o.a.m.s.f.DefaultMavenResourcesFiltering - Using platform encoding (Cp1252 actually) to copy filtered resources, i.e. build is platform dependent!
2024-05-24 16:22:29,906 [Worker-7: Building] INFO  o.a.m.s.f.DefaultMavenResourcesFiltering - skip non existing resourceDirectory C:\Users\mathe\Documents\Estudos\JAVA\InicioJava\JavaPOO-main\JPAAlgaWorks\src\test\resources
2024-05-24 16:22:30,739 [Worker-7: Building] INFO  o.a.m.s.f.DefaultMavenResourcesFiltering - skip non existing resourceDirectory C:\Users\mathe\Documents\Estudos\JAVA\InicioJava\java\target\classes\META-INF\maven\crud\java\src\main\resources
2024-05-24 16:22:30,739 [Worker-7: Building] INFO  o.a.m.s.f.DefaultMavenResourcesFiltering - skip non existing resourceDirectory C:\Users\mathe\Documents\Estudos\JAVA\InicioJava\java\target\classes\META-INF\maven\crud\java\src\main\resources
2024-05-24 16:22:30,743 [Worker-7: Building] INFO  o.a.m.s.f.DefaultMavenResourcesFiltering - skip non existing resourceDirectory C:\Users\mathe\Documents\Estudos\JAVA\InicioJava\java\target\classes\META-INF\maven\crud\java\src\test\resources
2024-05-24 16:22:31,297 [Worker-9: Building] WARN  o.a.m.s.f.DefaultMavenResourcesFiltering - Using platform encoding (Cp1252 actually) to copy filtered resources, i.e. build is platform dependent!
2024-05-24 16:22:31,300 [Worker-9: Building] INFO  o.a.m.s.f.DefaultMavenResourcesFiltering - Copying 0 resource from src\main\resources to target\classes
2024-05-24 16:22:31,305 [Worker-9: Building] WARN  o.a.m.s.f.DefaultMavenResourcesFiltering - Using platform encoding (Cp1252 actually) to copy filtered resources, i.e. build is platform dependent!
2024-05-24 16:22:31,307 [Worker-9: Building] INFO  o.a.m.s.f.DefaultMavenResourcesFiltering - skip non existing resourceDirectory C:\Users\mathe\Documents\Estudos\JAVA\InicioJava\JavaPOO-main\JPAAlgaWorks\src\test\resources
2024-05-24 16:22:31,399 [Worker-9: Building] INFO  o.a.m.s.f.DefaultMavenResourcesFiltering - skip non existing resourceDirectory C:\Users\mathe\Documents\Estudos\JAVA\InicioJava\java\target\classes\META-INF\maven\crud\java\src\main\resources
2024-05-24 16:22:31,399 [Worker-9: Building] INFO  o.a.m.s.f.DefaultMavenResourcesFiltering - skip non existing resourceDirectory C:\Users\mathe\Documents\Estudos\JAVA\InicioJava\java\target\classes\META-INF\maven\crud\java\src\main\resources
2024-05-24 16:22:31,404 [Worker-9: Building] INFO  o.a.m.s.f.DefaultMavenResourcesFiltering - skip non existing resourceDirectory C:\Users\mathe\Documents\Estudos\JAVA\InicioJava\java\target\classes\META-INF\maven\crud\java\src\test\resources
2024-05-24 16:22:33,124 [Worker-2: Building] WARN  o.a.m.s.f.DefaultMavenResourcesFiltering - Using platform encoding (Cp1252 actually) to copy filtered resources, i.e. build is platform dependent!
2024-05-24 16:22:33,128 [Worker-2: Building] INFO  o.a.m.s.f.DefaultMavenResourcesFiltering - Copying 0 resource from src\main\resources to target\classes
2024-05-24 16:22:33,185 [Worker-2: Building] WARN  o.a.m.s.f.DefaultMavenResourcesFiltering - Using platform encoding (Cp1252 actually) to copy filtered resources, i.e. build is platform dependent!
2024-05-24 16:22:33,187 [Worker-2: Building] INFO  o.a.m.s.f.DefaultMavenResourcesFiltering - skip non existing resourceDirectory C:\Users\mathe\Documents\Estudos\JAVA\InicioJava\JavaPOO-main\JPAAlgaWorks\src\test\resources
2024-05-24 16:22:33,295 [Worker-2: Building] INFO  o.a.m.s.f.DefaultMavenResourcesFiltering - skip non existing resourceDirectory C:\Users\mathe\Documents\Estudos\JAVA\InicioJava\java\target\classes\META-INF\maven\crud\java\src\main\resources
2024-05-24 16:22:33,296 [Worker-2: Building] INFO  o.a.m.s.f.DefaultMavenResourcesFiltering - skip non existing resourceDirectory C:\Users\mathe\Documents\Estudos\JAVA\InicioJava\java\target\classes\META-INF\maven\crud\java\src\main\resources
2024-05-24 16:22:33,304 [Worker-2: Building] INFO  o.a.m.s.f.DefaultMavenResourcesFiltering - skip non existing resourceDirectory C:\Users\mathe\Documents\Estudos\JAVA\InicioJava\java\target\classes\META-INF\maven\crud\java\src\test\resources
2024-05-24 16:22:34,369 [Worker-16: Building] WARN  o.a.m.s.f.DefaultMavenResourcesFiltering - Using platform encoding (Cp1252 actually) to copy filtered resources, i.e. build is platform dependent!
2024-05-24 16:22:34,371 [Worker-16: Building] INFO  o.a.m.s.f.DefaultMavenResourcesFiltering - Copying 0 resource from src\main\resources to target\classes
2024-05-24 16:22:34,376 [Worker-16: Building] WARN  o.a.m.s.f.DefaultMavenResourcesFiltering - Using platform encoding (Cp1252 actually) to copy filtered resources, i.e. build is platform dependent!
2024-05-24 16:22:34,378 [Worker-16: Building] INFO  o.a.m.s.f.DefaultMavenResourcesFiltering - skip non existing resourceDirectory C:\Users\mathe\Documents\Estudos\JAVA\InicioJava\JavaPOO-main\JPAAlgaWorks\src\test\resources
2024-05-24 16:22:34,424 [Worker-16: Building] INFO  o.a.m.s.f.DefaultMavenResourcesFiltering - skip non existing resourceDirectory C:\Users\mathe\Documents\Estudos\JAVA\InicioJava\java\target\classes\META-INF\maven\crud\java\src\main\resources
2024-05-24 16:22:34,424 [Worker-16: Building] INFO  o.a.m.s.f.DefaultMavenResourcesFiltering - skip non existing resourceDirectory C:\Users\mathe\Documents\Estudos\JAVA\InicioJava\java\target\classes\META-INF\maven\crud\java\src\main\resources
2024-05-24 16:22:34,430 [Worker-16: Building] INFO  o.a.m.s.f.DefaultMavenResourcesFiltering - skip non existing resourceDirectory C:\Users\mathe\Documents\Estudos\JAVA\InicioJava\java\target\classes\META-INF\maven\crud\java\src\test\resources
2024-05-24 16:25:07,589 [Worker-13: Updating Maven Project] INFO  o.e.m.c.i.p.ProjectConfigurationManager - Update started
2024-05-24 16:25:08,946 [Worker-13: Updating Maven Project] INFO  o.e.m.c.i.l.LifecycleMappingFactory - Using org.eclipse.m2e.jdt.JarLifecycleMapping lifecycle mapping for MavenProject: br.com.cod3r:execicios-sb:0.0.1-SNAPSHOT @ C:\Users\mathe\Documents\Estudos\JAVA\InicioJava\JavaPOO-main\execicios-sb\pom.xml.
2024-05-24 16:25:09,025 [Worker-13: Updating Maven Project] INFO  o.e.m.c.i.l.LifecycleMappingFactory - Using org.eclipse.m2e.jdt.JarLifecycleMapping lifecycle mapping for MavenProject: crud:java:0.0.1-SNAPSHOT @ C:\Users\mathe\Documents\Estudos\JAVA\InicioJava\java\target\classes\META-INF\maven\crud\java\pom.xml.
2024-05-24 16:25:09,448 [Worker-13: Updating Maven Project] INFO  o.e.m.c.i.l.LifecycleMappingFactory - Using org.eclipse.m2e.jdt.JarLifecycleMapping lifecycle mapping for MavenProject: com.algaworks:live-comece-assim-com-jpa:1.0-SNAPSHOT @ C:\Users\mathe\Documents\Estudos\JAVA\InicioJava\JavaPOO-main\JPAAlgaWorks\pom.xml.
2024-05-24 16:25:09,865 [Worker-13: Updating Maven Project] INFO  o.e.m.j.i.AbstractJavaProjectConfigurator - Adding source folder /execicios-sb/src/main/java
2024-05-24 16:25:09,867 [Worker-13: Updating Maven Project] INFO  o.e.m.j.i.AbstractJavaProjectConfigurator - Adding resource folder /execicios-sb/src/main/resources
2024-05-24 16:25:09,868 [Worker-13: Updating Maven Project] INFO  o.e.m.j.i.AbstractJavaProjectConfigurator - Adding resource folder /execicios-sb/src/main/resources
2024-05-24 16:25:09,869 [Worker-13: Updating Maven Project] INFO  o.e.m.j.i.AbstractJavaProjectConfigurator - Adding source folder /execicios-sb/src/test/java
2024-05-24 16:25:09,870 [Worker-13: Updating Maven Project] INFO  o.e.m.j.i.AbstractJavaProjectConfigurator - Adding resource folder /execicios-sb/src/test/resources
2024-05-24 16:25:10,010 [Worker-13: Updating Maven Project] INFO  o.e.m.j.i.AbstractJavaProjectConfigurator - Adding source folder /crud_java/src/main/java
2024-05-24 16:25:10,011 [Worker-13: Updating Maven Project] INFO  o.e.m.j.i.AbstractJavaProjectConfigurator - Adding resource folder /crud_java/src/main/resources
2024-05-24 16:25:10,012 [Worker-13: Updating Maven Project] INFO  o.e.m.j.i.AbstractJavaProjectConfigurator - Adding resource folder /crud_java/src/main/resources
2024-05-24 16:25:10,012 [Worker-13: Updating Maven Project] INFO  o.e.m.j.i.AbstractJavaProjectConfigurator - Adding source folder /crud_java/src/test/java
2024-05-24 16:25:10,013 [Worker-13: Updating Maven Project] INFO  o.e.m.j.i.AbstractJavaProjectConfigurator - Adding resource folder /crud_java/src/test/resources
2024-05-24 16:25:10,156 [Worker-13: Updating Maven Project] INFO  o.e.m.j.i.AbstractJavaProjectConfigurator - Adding source folder /JPAAlgaWorks/src/main/java
2024-05-24 16:25:10,158 [Worker-13: Updating Maven Project] INFO  o.e.m.j.i.AbstractJavaProjectConfigurator - Adding resource folder /JPAAlgaWorks/src/main/resources
2024-05-24 16:25:10,159 [Worker-13: Updating Maven Project] INFO  o.e.m.j.i.AbstractJavaProjectConfigurator - Adding source folder /JPAAlgaWorks/src/test/java
2024-05-24 16:25:10,160 [Worker-13: Updating Maven Project] INFO  o.e.m.j.i.AbstractJavaProjectConfigurator - Adding resource folder /JPAAlgaWorks/src/test/resources
2024-05-24 16:25:10,613 [Worker-13: Updating Maven Project] INFO  o.e.m.c.i.p.ProjectConfigurationManager - Update completed for 11 poms: local refresh takes 0,00 sec, refresh facades takes 2,00 sec, update config takes 0,00 sec 
2024-05-24 16:25:10,976 [Worker-33: Building] WARN  o.a.m.s.f.DefaultMavenResourcesFiltering - Using platform encoding (Cp1252 actually) to copy filtered resources, i.e. build is platform dependent!
2024-05-24 16:25:10,978 [Worker-33: Building] INFO  o.a.m.s.f.DefaultMavenResourcesFiltering - Copying 1 resource from src\main\resources to target\classes
2024-05-24 16:25:11,018 [Worker-33: Building] WARN  o.a.m.s.f.DefaultMavenResourcesFiltering - Using platform encoding (Cp1252 actually) to copy filtered resources, i.e. build is platform dependent!
2024-05-24 16:25:11,020 [Worker-33: Building] INFO  o.a.m.s.f.DefaultMavenResourcesFiltering - skip non existing resourceDirectory C:\Users\mathe\Documents\Estudos\JAVA\InicioJava\JavaPOO-main\JPAAlgaWorks\src\test\resources
2024-05-24 16:25:11,485 [Worker-32: Building] INFO  o.a.m.s.f.DefaultMavenResourcesFiltering - skip non existing resourceDirectory C:\Users\mathe\Documents\Estudos\JAVA\InicioJava\java\target\classes\META-INF\maven\crud\java\src\main\resources
2024-05-24 16:25:11,485 [Worker-32: Building] INFO  o.a.m.s.f.DefaultMavenResourcesFiltering - skip non existing resourceDirectory C:\Users\mathe\Documents\Estudos\JAVA\InicioJava\java\target\classes\META-INF\maven\crud\java\src\main\resources
2024-05-24 16:25:11,488 [Worker-32: Building] INFO  o.a.m.s.f.DefaultMavenResourcesFiltering - skip non existing resourceDirectory C:\Users\mathe\Documents\Estudos\JAVA\InicioJava\java\target\classes\META-INF\maven\crud\java\src\test\resources
2024-05-24 16:25:11,661 [Worker-22: Building] INFO  o.a.m.s.f.DefaultMavenResourcesFiltering - skip non existing resourceDirectory C:\Users\mathe\Documents\Estudos\JAVA\InicioJava\JavaPOO-main\execicios-sb\src\main\resources
2024-05-24 16:25:11,662 [Worker-22: Building] INFO  o.a.m.s.f.DefaultMavenResourcesFiltering - skip non existing resourceDirectory C:\Users\mathe\Documents\Estudos\JAVA\InicioJava\JavaPOO-main\execicios-sb\src\main\resources
2024-05-24 16:25:11,665 [Worker-22: Building] INFO  o.a.m.s.f.DefaultMavenResourcesFiltering - skip non existing resourceDirectory C:\Users\mathe\Documents\Estudos\JAVA\InicioJava\JavaPOO-main\execicios-sb\src\test\resources
2024-05-24 16:25:12,750 [Worker-11: Building] INFO  o.a.m.s.f.DefaultMavenResourcesFiltering - skip non existing resourceDirectory C:\Users\mathe\Documents\Estudos\JAVA\InicioJava\JavaPOO-main\execicios-sb\src\main\resources
2024-05-24 16:25:12,750 [Worker-11: Building] INFO  o.a.m.s.f.DefaultMavenResourcesFiltering - skip non existing resourceDirectory C:\Users\mathe\Documents\Estudos\JAVA\InicioJava\JavaPOO-main\execicios-sb\src\main\resources
2024-05-24 16:25:12,752 [Worker-11: Building] INFO  o.a.m.s.f.DefaultMavenResourcesFiltering - skip non existing resourceDirectory C:\Users\mathe\Documents\Estudos\JAVA\InicioJava\JavaPOO-main\execicios-sb\src\test\resources
2024-05-24 16:25:39,974 [Worker-35: Updating Maven Project] INFO  o.e.m.c.i.p.ProjectConfigurationManager - Update started
2024-05-24 16:25:40,660 [Worker-35: Updating Maven Project] INFO  o.e.m.c.i.l.LifecycleMappingFactory - Using org.eclipse.m2e.jdt.JarLifecycleMapping lifecycle mapping for MavenProject: br.com.cod3r:execicios-sb:0.0.1-SNAPSHOT @ C:\Users\mathe\Documents\Estudos\JAVA\InicioJava\JavaPOO-main\execicios-sb\pom.xml.
2024-05-24 16:25:40,900 [Worker-35: Updating Maven Project] INFO  o.e.m.c.i.l.LifecycleMappingFactory - Using org.eclipse.m2e.jdt.JarLifecycleMapping lifecycle mapping for MavenProject: crud:java:0.0.1-SNAPSHOT @ C:\Users\mathe\Documents\Estudos\JAVA\InicioJava\java\target\classes\META-INF\maven\crud\java\pom.xml.
2024-05-24 16:25:41,274 [Worker-35: Updating Maven Project] INFO  o.e.m.c.i.l.LifecycleMappingFactory - Using org.eclipse.m2e.jdt.JarLifecycleMapping lifecycle mapping for MavenProject: com.algaworks:live-comece-assim-com-jpa:1.0-SNAPSHOT @ C:\Users\mathe\Documents\Estudos\JAVA\InicioJava\JavaPOO-main\JPAAlgaWorks\pom.xml.
2024-05-24 16:25:41,659 [Worker-35: Updating Maven Project] INFO  o.e.m.j.i.AbstractJavaProjectConfigurator - Adding source folder /execicios-sb/src/main/java
2024-05-24 16:25:41,660 [Worker-35: Updating Maven Project] INFO  o.e.m.j.i.AbstractJavaProjectConfigurator - Adding resource folder /execicios-sb/src/main/resources
2024-05-24 16:25:41,661 [Worker-35: Updating Maven Project] INFO  o.e.m.j.i.AbstractJavaProjectConfigurator - Adding resource folder /execicios-sb/src/main/resources
2024-05-24 16:25:41,661 [Worker-35: Updating Maven Project] INFO  o.e.m.j.i.AbstractJavaProjectConfigurator - Adding source folder /execicios-sb/src/test/java
2024-05-24 16:25:41,662 [Worker-35: Updating Maven Project] INFO  o.e.m.j.i.AbstractJavaProjectConfigurator - Adding resource folder /execicios-sb/src/test/resources
2024-05-24 16:25:41,783 [Worker-35: Updating Maven Project] INFO  o.e.m.j.i.AbstractJavaProjectConfigurator - Adding source folder /crud_java/src/main/java
2024-05-24 16:25:41,784 [Worker-35: Updating Maven Project] INFO  o.e.m.j.i.AbstractJavaProjectConfigurator - Adding resource folder /crud_java/src/main/resources
2024-05-24 16:25:41,785 [Worker-35: Updating Maven Project] INFO  o.e.m.j.i.AbstractJavaProjectConfigurator - Adding resource folder /crud_java/src/main/resources
2024-05-24 16:25:41,785 [Worker-35: Updating Maven Project] INFO  o.e.m.j.i.AbstractJavaProjectConfigurator - Adding source folder /crud_java/src/test/java
2024-05-24 16:25:41,786 [Worker-35: Updating Maven Project] INFO  o.e.m.j.i.AbstractJavaProjectConfigurator - Adding resource folder /crud_java/src/test/resources
2024-05-24 16:25:41,884 [Worker-35: Updating Maven Project] INFO  o.e.m.j.i.AbstractJavaProjectConfigurator - Adding source folder /JPAAlgaWorks/src/main/java
2024-05-24 16:25:41,885 [Worker-35: Updating Maven Project] INFO  o.e.m.j.i.AbstractJavaProjectConfigurator - Adding resource folder /JPAAlgaWorks/src/main/resources
2024-05-24 16:25:41,885 [Worker-35: Updating Maven Project] INFO  o.e.m.j.i.AbstractJavaProjectConfigurator - Adding source folder /JPAAlgaWorks/src/test/java
2024-05-24 16:25:41,886 [Worker-35: Updating Maven Project] INFO  o.e.m.j.i.AbstractJavaProjectConfigurator - Adding resource folder /JPAAlgaWorks/src/test/resources
2024-05-24 16:25:42,013 [Worker-35: Updating Maven Project] INFO  o.e.m.c.i.p.ProjectConfigurationManager - Update completed for 11 poms: local refresh takes 0,00 sec, refresh facades takes 1,00 sec, update config takes 0,00 sec 
2024-05-24 16:25:42,333 [Worker-11: Building] WARN  o.a.m.s.f.DefaultMavenResourcesFiltering - Using platform encoding (Cp1252 actually) to copy filtered resources, i.e. build is platform dependent!
2024-05-24 16:25:42,334 [Worker-11: Building] INFO  o.a.m.s.f.DefaultMavenResourcesFiltering - Copying 1 resource from src\main\resources to target\classes
2024-05-24 16:25:42,342 [Worker-11: Building] WARN  o.a.m.s.f.DefaultMavenResourcesFiltering - Using platform encoding (Cp1252 actually) to copy filtered resources, i.e. build is platform dependent!
2024-05-24 16:25:42,343 [Worker-11: Building] INFO  o.a.m.s.f.DefaultMavenResourcesFiltering - skip non existing resourceDirectory C:\Users\mathe\Documents\Estudos\JAVA\InicioJava\JavaPOO-main\JPAAlgaWorks\src\test\resources
2024-05-24 16:25:42,585 [Worker-11: Building] INFO  o.a.m.s.f.DefaultMavenResourcesFiltering - skip non existing resourceDirectory C:\Users\mathe\Documents\Estudos\JAVA\InicioJava\java\target\classes\META-INF\maven\crud\java\src\main\resources
2024-05-24 16:25:42,585 [Worker-11: Building] INFO  o.a.m.s.f.DefaultMavenResourcesFiltering - skip non existing resourceDirectory C:\Users\mathe\Documents\Estudos\JAVA\InicioJava\java\target\classes\META-INF\maven\crud\java\src\main\resources
2024-05-24 16:25:42,588 [Worker-11: Building] INFO  o.a.m.s.f.DefaultMavenResourcesFiltering - skip non existing resourceDirectory C:\Users\mathe\Documents\Estudos\JAVA\InicioJava\java\target\classes\META-INF\maven\crud\java\src\test\resources
2024-05-24 16:25:42,612 [Worker-11: Building] INFO  o.a.m.s.f.DefaultMavenResourcesFiltering - skip non existing resourceDirectory C:\Users\mathe\Documents\Estudos\JAVA\InicioJava\JavaPOO-main\execicios-sb\src\main\resources
2024-05-24 16:25:42,612 [Worker-11: Building] INFO  o.a.m.s.f.DefaultMavenResourcesFiltering - skip non existing resourceDirectory C:\Users\mathe\Documents\Estudos\JAVA\InicioJava\JavaPOO-main\execicios-sb\src\main\resources
2024-05-24 16:25:42,615 [Worker-11: Building] INFO  o.a.m.s.f.DefaultMavenResourcesFiltering - skip non existing resourceDirectory C:\Users\mathe\Documents\Estudos\JAVA\InicioJava\JavaPOO-main\execicios-sb\src\test\resources
2024-05-24 16:26:06,709 [Worker-2: Loading available Gradle versions] INFO  o.e.b.c.i.u.g.PublishedGradleVersions - Gradle version information cache is up-to-date. Trying to read.
2024-05-24 16:26:58,611 [Worker-7: Loading available Gradle versions] INFO  o.e.b.c.i.u.g.PublishedGradleVersions - Gradle version information cache is up-to-date. Trying to read.
2024-05-24 16:27:12,391 [Worker-7: Updating Maven Project] INFO  o.e.m.c.i.p.ProjectConfigurationManager - Update started
2024-05-24 16:27:13,809 [Worker-7: Updating Maven Project] INFO  o.e.m.c.i.l.LifecycleMappingFactory - Using org.eclipse.m2e.jdt.JarLifecycleMapping lifecycle mapping for MavenProject: br.com.cod3r:execicios-sb:0.0.1-SNAPSHOT @ C:\Users\mathe\Documents\Estudos\JAVA\InicioJava\JavaPOO-main\execicios-sb\pom.xml.
2024-05-24 16:27:14,128 [Worker-7: Updating Maven Project] INFO  o.e.m.c.i.l.LifecycleMappingFactory - Using org.eclipse.m2e.jdt.JarLifecycleMapping lifecycle mapping for MavenProject: crud:java:0.0.1-SNAPSHOT @ C:\Users\mathe\Documents\Estudos\JAVA\InicioJava\java\target\classes\META-INF\maven\crud\java\pom.xml.
2024-05-24 16:27:14,631 [Worker-7: Updating Maven Project] INFO  o.e.m.c.i.l.LifecycleMappingFactory - Using org.eclipse.m2e.jdt.JarLifecycleMapping lifecycle mapping for MavenProject: com.algaworks:live-comece-assim-com-jpa:1.0-SNAPSHOT @ C:\Users\mathe\Documents\Estudos\JAVA\InicioJava\JavaPOO-main\JPAAlgaWorks\pom.xml.
2024-05-24 16:27:15,408 [Worker-7: Updating Maven Project] INFO  o.e.m.j.i.AbstractJavaProjectConfigurator - Adding source folder /execicios-sb/src/main/java
2024-05-24 16:27:15,411 [Worker-7: Updating Maven Project] INFO  o.e.m.j.i.AbstractJavaProjectConfigurator - Adding resource folder /execicios-sb/src/main/resources
2024-05-24 16:27:15,413 [Worker-7: Updating Maven Project] INFO  o.e.m.j.i.AbstractJavaProjectConfigurator - Adding resource folder /execicios-sb/src/main/resources
2024-05-24 16:27:15,414 [Worker-7: Updating Maven Project] INFO  o.e.m.j.i.AbstractJavaProjectConfigurator - Adding source folder /execicios-sb/src/test/java
2024-05-24 16:27:15,415 [Worker-7: Updating Maven Project] INFO  o.e.m.j.i.AbstractJavaProjectConfigurator - Adding resource folder /execicios-sb/src/test/resources
2024-05-24 16:27:15,572 [Worker-7: Updating Maven Project] INFO  o.e.m.j.i.AbstractJavaProjectConfigurator - Adding source folder /crud_java/src/main/java
2024-05-24 16:27:15,573 [Worker-7: Updating Maven Project] INFO  o.e.m.j.i.AbstractJavaProjectConfigurator - Adding resource folder /crud_java/src/main/resources
2024-05-24 16:27:15,574 [Worker-7: Updating Maven Project] INFO  o.e.m.j.i.AbstractJavaProjectConfigurator - Adding resource folder /crud_java/src/main/resources
2024-05-24 16:27:15,574 [Worker-7: Updating Maven Project] INFO  o.e.m.j.i.AbstractJavaProjectConfigurator - Adding source folder /crud_java/src/test/java
2024-05-24 16:27:15,575 [Worker-7: Updating Maven Project] INFO  o.e.m.j.i.AbstractJavaProjectConfigurator - Adding resource folder /crud_java/src/test/resources
2024-05-24 16:27:15,713 [Worker-7: Updating Maven Project] INFO  o.e.m.j.i.AbstractJavaProjectConfigurator - Adding source folder /JPAAlgaWorks/src/main/java
2024-05-24 16:27:15,714 [Worker-7: Updating Maven Project] INFO  o.e.m.j.i.AbstractJavaProjectConfigurator - Adding resource folder /JPAAlgaWorks/src/main/resources
2024-05-24 16:27:15,715 [Worker-7: Updating Maven Project] INFO  o.e.m.j.i.AbstractJavaProjectConfigurator - Adding source folder /JPAAlgaWorks/src/test/java
2024-05-24 16:27:15,716 [Worker-7: Updating Maven Project] INFO  o.e.m.j.i.AbstractJavaProjectConfigurator - Adding resource folder /JPAAlgaWorks/src/test/resources
2024-05-24 16:27:16,254 [Worker-7: Updating Maven Project] INFO  o.e.m.c.i.p.ProjectConfigurationManager - Update completed for 11 poms: local refresh takes 0,00 sec, refresh facades takes 2,00 sec, update config takes 0,00 sec 
2024-05-24 16:27:16,631 [Worker-16: Building] WARN  o.a.m.s.f.DefaultMavenResourcesFiltering - Using platform encoding (Cp1252 actually) to copy filtered resources, i.e. build is platform dependent!
2024-05-24 16:27:16,642 [Worker-16: Building] INFO  o.a.m.s.f.DefaultMavenResourcesFiltering - Copying 1 resource from src\main\resources to target\classes
2024-05-24 16:27:16,656 [Worker-16: Building] WARN  o.a.m.s.f.DefaultMavenResourcesFiltering - Using platform encoding (Cp1252 actually) to copy filtered resources, i.e. build is platform dependent!
2024-05-24 16:27:16,657 [Worker-16: Building] INFO  o.a.m.s.f.DefaultMavenResourcesFiltering - skip non existing resourceDirectory C:\Users\mathe\Documents\Estudos\JAVA\InicioJava\JavaPOO-main\JPAAlgaWorks\src\test\resources
2024-05-24 16:27:18,095 [Worker-7: Building] INFO  o.a.m.s.f.DefaultMavenResourcesFiltering - skip non existing resourceDirectory C:\Users\mathe\Documents\Estudos\JAVA\InicioJava\java\target\classes\META-INF\maven\crud\java\src\main\resources
2024-05-24 16:27:18,096 [Worker-7: Building] INFO  o.a.m.s.f.DefaultMavenResourcesFiltering - skip non existing resourceDirectory C:\Users\mathe\Documents\Estudos\JAVA\InicioJava\java\target\classes\META-INF\maven\crud\java\src\main\resources
2024-05-24 16:27:18,099 [Worker-7: Building] INFO  o.a.m.s.f.DefaultMavenResourcesFiltering - skip non existing resourceDirectory C:\Users\mathe\Documents\Estudos\JAVA\InicioJava\java\target\classes\META-INF\maven\crud\java\src\test\resources
2024-05-24 16:27:18,414 [Worker-4: Building] INFO  o.a.m.s.f.DefaultMavenResourcesFiltering - skip non existing resourceDirectory C:\Users\mathe\Documents\Estudos\JAVA\InicioJava\JavaPOO-main\execicios-sb\src\main\resources
2024-05-24 16:27:18,415 [Worker-4: Building] INFO  o.a.m.s.f.DefaultMavenResourcesFiltering - skip non existing resourceDirectory C:\Users\mathe\Documents\Estudos\JAVA\InicioJava\JavaPOO-main\execicios-sb\src\main\resources
2024-05-24 16:27:18,418 [Worker-4: Building] INFO  o.a.m.s.f.DefaultMavenResourcesFiltering - skip non existing resourceDirectory C:\Users\mathe\Documents\Estudos\JAVA\InicioJava\JavaPOO-main\execicios-sb\src\test\resources
